{coordScreen:{x:-1.3437501,y:0.9583332},coordGame:{x:-1.3437501,y:0.9583332},experimentalObjectTouchId:1,elementTouchType:image,absolutTime:0.63248026,relativeTime:0.63248026,elementTouched:true,lastTouchBoxContentId:0,userId:1436903124468,trialActiveId:1,levelActiveId:0,trialNumber:0}
{coordScreen:{x:0.12499989,y:0.9791665},coordGame:{x:0.12499989,y:0.9791665},experimentalObjectTouchId:2,elementTouchType:image,absolutTime:0.9661735,relativeTime:0.9661735,elementTouched:true,lastTouchBoxContentId:1,userId:1436903124468,trialActiveId:1,levelActiveId:0,trialNumber:0}
{coordScreen:{x:1.4270834,y:0.9895833},coordGame:{x:1.4270834,y:0.9895833},experimentalObjectTouchId:3,elementTouchType:image,absolutTime:1.2494744,relativeTime:1.2494744,elementTouched:true,lastTouchBoxContentId:2,userId:1436903124468,trialActiveId:1,levelActiveId:0,trialNumber:0}
{coordScreen:{x:1.6562502,y:-0.28125},coordGame:{x:1.6562502,y:-0.28125},experimentalObjectTouchId:0,elementTouchType:nothing,absolutTime:1.5828415,relativeTime:1.5828415,elementTouched:false,lastTouchBoxContentId:3,userId:1436903124468,trialActiveId:1,levelActiveId:0,trialNumber:0}
{coordScreen:{x:-1.3437501,y:0.9583332},coordGame:{x:-1.3437501,y:0.9583332},experimentalObjectTouchId:1,elementTouchType:image,absolutTime:0.63248026,relativeTime:0.63248026,elementTouched:true,lastTouchBoxContentId:0,userId:1436903124468,trialActiveId:1,levelActiveId:0,trialNumber:1}
{coordScreen:{x:0.12499989,y:0.9791665},coordGame:{x:0.12499989,y:0.9791665},experimentalObjectTouchId:2,elementTouchType:image,absolutTime:0.9661735,relativeTime:0.9661735,elementTouched:true,lastTouchBoxContentId:1,userId:1436903124468,trialActiveId:1,levelActiveId:0,trialNumber:1}
{coordScreen:{x:1.4270834,y:0.9895833},coordGame:{x:1.4270834,y:0.9895833},experimentalObjectTouchId:3,elementTouchType:image,absolutTime:1.2494744,relativeTime:1.2494744,elementTouched:true,lastTouchBoxContentId:2,userId:1436903124468,trialActiveId:1,levelActiveId:0,trialNumber:1}
{coordScreen:{x:1.6562502,y:-0.28125},coordGame:{x:1.6562502,y:-0.28125},experimentalObjectTouchId:0,elementTouchType:nothing,absolutTime:1.5828415,relativeTime:1.5828415,elementTouched:false,lastTouchBoxContentId:3,userId:1436903124468,trialActiveId:1,levelActiveId:0,trialNumber:1}
{coordScreen:{x:3.5729167,y:0.010416805},coordGame:{x:3.5729167,y:0.010416805},experimentalObjectTouchId:0,elementTouchType:nothing,absolutTime:2.1328394,relativeTime:2.1328394,elementTouched:false,lastTouchBoxContentId:0,userId:1436903124468,trialActiveId:1,levelActiveId:0,trialNumber:1}
{coordScreen:{x:2.59375,y:-0.14583333},coordGame:{x:2.59375,y:-0.14583333},experimentalObjectTouchId:0,elementTouchType:nothing,absolutTime:4.835258,relativeTime:4.835258,elementTouched:false,lastTouchBoxContentId:0,userId:1436903124468,trialActiveId:2,levelActiveId:0,trialNumber:1}
{coordScreen:{x:401,y:129},coordGame:{x:0.010416906,y:1.1458334},experimentalObjectTouchId:2,elementTouchType:image,absolutTime:0.566645,relativeTime:0.566645,elementTouched:true,lastTouchBoxContentId:0,userId:1436903124468,trialActiveId:1,levelActiveId:0,trialNumber:0}
{coordScreen:{x:533,y:137},coordGame:{x:1.3854167,y:1.0624998},experimentalObjectTouchId:3,elementTouchType:image,absolutTime:1.2003669,relativeTime:1.2003669,elementTouched:true,lastTouchBoxContentId:2,userId:1436903124468,trialActiveId:1,levelActiveId:0,trialNumber:0}
{coordScreen:{x:550,y:244},coordGame:{x:1.5625001,y:-0.05208328},experimentalObjectTouchId:0,elementTouchType:nothing,absolutTime:1.6170094,relativeTime:1.6170094,elementTouched:false,lastTouchBoxContentId:3,userId:1436903124468,trialActiveId:1,levelActiveId:0,trialNumber:0}
{coordScreen:{x:401,y:129},coordGame:{x:0.010416906,y:1.1458334},experimentalObjectTouchId:2,elementTouchType:image,absolutTime:0.566645,relativeTime:0.566645,elementTouched:true,lastTouchBoxContentId:0,userId:1436903124468,trialActiveId:1,levelActiveId:0,trialNumber:1}
{coordScreen:{x:533,y:137},coordGame:{x:1.3854167,y:1.0624998},experimentalObjectTouchId:3,elementTouchType:image,absolutTime:1.2003669,relativeTime:1.2003669,elementTouched:true,lastTouchBoxContentId:2,userId:1436903124468,trialActiveId:1,levelActiveId:0,trialNumber:1}
{coordScreen:{x:550,y:244},coordGame:{x:1.5625001,y:-0.05208328},experimentalObjectTouchId:0,elementTouchType:nothing,absolutTime:1.6170094,relativeTime:1.6170094,elementTouched:false,lastTouchBoxContentId:3,userId:1436903124468,trialActiveId:1,levelActiveId:0,trialNumber:1}
{coordScreen:{x:732,y:237},coordGame:{x:3.4583337,y:0.020833312},experimentalObjectTouchId:0,elementTouchType:nothing,absolutTime:2.1837904,relativeTime:2.1837904,elementTouched:false,lastTouchBoxContentId:0,userId:1436903124468,trialActiveId:1,levelActiveId:0,trialNumber:1}
{coordScreen:{x:401,y:129},coordGame:{x:0.010416906,y:1.1458334},experimentalObjectTouchId:2,elementTouchType:image,absolutTime:0.566645,relativeTime:0.566645,elementTouched:true,lastTouchBoxContentId:0,userId:1436903124468,trialActiveId:1,levelActiveId:0,trialNumber:2}
{coordScreen:{x:533,y:137},coordGame:{x:1.3854167,y:1.0624998},experimentalObjectTouchId:3,elementTouchType:image,absolutTime:1.2003669,relativeTime:1.2003669,elementTouched:true,lastTouchBoxContentId:2,userId:1436903124468,trialActiveId:1,levelActiveId:0,trialNumber:2}
{coordScreen:{x:550,y:244},coordGame:{x:1.5625001,y:-0.05208328},experimentalObjectTouchId:0,elementTouchType:nothing,absolutTime:1.6170094,relativeTime:1.6170094,elementTouched:false,lastTouchBoxContentId:3,userId:1436903124468,trialActiveId:1,levelActiveId:0,trialNumber:2}
{coordScreen:{x:732,y:237},coordGame:{x:3.4583337,y:0.020833312},experimentalObjectTouchId:0,elementTouchType:nothing,absolutTime:2.1837904,relativeTime:2.1837904,elementTouched:false,lastTouchBoxContentId:0,userId:1436903124468,trialActiveId:1,levelActiveId:0,trialNumber:2}
{coordScreen:{x:732,y:235},coordGame:{x:3.4583337,y:0.041666623},experimentalObjectTouchId:0,elementTouchType:nothing,absolutTime:4.63419,relativeTime:4.63419,elementTouched:false,lastTouchBoxContentId:0,userId:1436903124468,trialActiveId:2,levelActiveId:0,trialNumber:2}
{coordScreen:{x:401,y:129},coordGame:{x:0.010416906,y:1.1458334},experimentalObjectTouchId:2,elementTouchType:image,absolutTime:0.566645,relativeTime:0.566645,elementTouched:true,lastTouchBoxContentId:0,userId:1436903124468,trialActiveId:1,levelActiveId:0,trialNumber:3}
{coordScreen:{x:533,y:137},coordGame:{x:1.3854167,y:1.0624998},experimentalObjectTouchId:3,elementTouchType:image,absolutTime:1.2003669,relativeTime:1.2003669,elementTouched:true,lastTouchBoxContentId:2,userId:1436903124468,trialActiveId:1,levelActiveId:0,trialNumber:3}
{coordScreen:{x:550,y:244},coordGame:{x:1.5625001,y:-0.05208328},experimentalObjectTouchId:0,elementTouchType:nothing,absolutTime:1.6170094,relativeTime:1.6170094,elementTouched:false,lastTouchBoxContentId:3,userId:1436903124468,trialActiveId:1,levelActiveId:0,trialNumber:3}
{coordScreen:{x:732,y:237},coordGame:{x:3.4583337,y:0.020833312},experimentalObjectTouchId:0,elementTouchType:nothing,absolutTime:2.1837904,relativeTime:2.1837904,elementTouched:false,lastTouchBoxContentId:0,userId:1436903124468,trialActiveId:1,levelActiveId:0,trialNumber:3}
{coordScreen:{x:732,y:235},coordGame:{x:3.4583337,y:0.041666623},experimentalObjectTouchId:0,elementTouchType:nothing,absolutTime:4.63419,relativeTime:4.63419,elementTouched:false,lastTouchBoxContentId:0,userId:1436903124468,trialActiveId:2,levelActiveId:0,trialNumber:3}
{coordScreen:{x:745,y:233},coordGame:{x:3.59375,y:0.062499933},experimentalObjectTouchId:0,elementTouchType:nothing,absolutTime:5.9515805,relativeTime:5.9515805,elementTouched:false,lastTouchBoxContentId:0,userId:1436903124468,trialActiveId:3,levelActiveId:0,trialNumber:3}
{coordScreen:{x:401,y:129},coordGame:{x:0.010416906,y:1.1458334},experimentalObjectTouchId:2,elementTouchType:image,absolutTime:0.566645,relativeTime:0.566645,elementTouched:true,lastTouchBoxContentId:0,userId:1436903124468,trialActiveId:1,levelActiveId:0,trialNumber:4}
{coordScreen:{x:533,y:137},coordGame:{x:1.3854167,y:1.0624998},experimentalObjectTouchId:3,elementTouchType:image,absolutTime:1.2003669,relativeTime:1.2003669,elementTouched:true,lastTouchBoxContentId:2,userId:1436903124468,trialActiveId:1,levelActiveId:0,trialNumber:4}
{coordScreen:{x:550,y:244},coordGame:{x:1.5625001,y:-0.05208328},experimentalObjectTouchId:0,elementTouchType:nothing,absolutTime:1.6170094,relativeTime:1.6170094,elementTouched:false,lastTouchBoxContentId:3,userId:1436903124468,trialActiveId:1,levelActiveId:0,trialNumber:4}
{coordScreen:{x:732,y:237},coordGame:{x:3.4583337,y:0.020833312},experimentalObjectTouchId:0,elementTouchType:nothing,absolutTime:2.1837904,relativeTime:2.1837904,elementTouched:false,lastTouchBoxContentId:0,userId:1436903124468,trialActiveId:1,levelActiveId:0,trialNumber:4}
{coordScreen:{x:732,y:235},coordGame:{x:3.4583337,y:0.041666623},experimentalObjectTouchId:0,elementTouchType:nothing,absolutTime:4.63419,relativeTime:4.63419,elementTouched:false,lastTouchBoxContentId:0,userId:1436903124468,trialActiveId:2,levelActiveId:0,trialNumber:4}
{coordScreen:{x:745,y:233},coordGame:{x:3.59375,y:0.062499933},experimentalObjectTouchId:0,elementTouchType:nothing,absolutTime:5.9515805,relativeTime:5.9515805,elementTouched:false,lastTouchBoxContentId:0,userId:1436903124468,trialActiveId:3,levelActiveId:0,trialNumber:4}
{coordScreen:{x:745,y:233},coordGame:{x:3.59375,y:0.062499933},experimentalObjectTouchId:0,elementTouchType:nothing,absolutTime:6.184956,relativeTime:6.184956,elementTouched:false,lastTouchBoxContentId:0,userId:1436903124468,trialActiveId:4,levelActiveId:0,trialNumber:4}
{coordScreen:{x:730,y:237},coordGame:{x:3.4375005,y:0.020833312},experimentalObjectTouchId:0,elementTouchType:nothing,absolutTime:0.8824149,relativeTime:0.8824149,elementTouched:false,lastTouchBoxContentId:0,userId:1436995154720,trialActiveId:1,levelActiveId:0,trialNumber:1}
{coordScreen:{x:259,y:141},coordGame:{x:-1.4687502,y:1.0208331},experimentalObjectTouchId:1,elementTouchType:image,absolutTime:5.4247365,relativeTime:5.4247365,elementTouched:true,lastTouchBoxContentId:0,userId:1436995154720,trialActiveId:1,levelActiveId:0,trialNumber:0}
{coordScreen:{x:364,y:151},coordGame:{x:-0.3749999,y:0.9166666},experimentalObjectTouchId:2,elementTouchType:image,absolutTime:10.624774,relativeTime:10.624774,elementTouched:true,lastTouchBoxContentId:1,userId:1436995154720,trialActiveId:1,levelActiveId:0,trialNumber:0}
{coordScreen:{x:544,y:161},coordGame:{x:1.5000001,y:0.81250006},experimentalObjectTouchId:3,elementTouchType:image,absolutTime:16.191511,relativeTime:16.191511,elementTouched:true,lastTouchBoxContentId:2,userId:1436995154720,trialActiveId:1,levelActiveId:0,trialNumber:0}
{coordScreen:{x:279,y:340},coordGame:{x:-1.2604167,y:-1.0520833},experimentalObjectTouchId:4,elementTouchType:image,absolutTime:21.158232,relativeTime:21.158232,elementTouched:true,lastTouchBoxContentId:3,userId:1436995154720,trialActiveId:1,levelActiveId:0,trialNumber:0}
{coordScreen:{x:420,y:346},coordGame:{x:0.20833315,y:-1.1145833},experimentalObjectTouchId:5,elementTouchType:image,absolutTime:26.525019,relativeTime:26.525019,elementTouched:true,lastTouchBoxContentId:4,userId:1436995154720,trialActiveId:1,levelActiveId:0,trialNumber:0}
{coordScreen:{x:520,y:354},coordGame:{x:1.2499999,y:-1.1979166},experimentalObjectTouchId:6,elementTouchType:image,absolutTime:32.25848,relativeTime:32.25848,elementTouched:true,lastTouchBoxContentId:5,userId:1436995154720,trialActiveId:1,levelActiveId:0,trialNumber:0}
{coordScreen:{x:735,y:250},coordGame:{x:3.4895835,y:-0.114583366},experimentalObjectTouchId:0,elementTouchType:nothing,absolutTime:38.55858,relativeTime:38.55858,elementTouched:false,lastTouchBoxContentId:6,userId:1436995154720,trialActiveId:1,levelActiveId:0,trialNumber:1}
{coordScreen:{x:160,y:265},coordGame:{x:-2.5000002,y:-0.27083334},experimentalObjectTouchId:0,elementTouchType:nothing,absolutTime:43.736523,relativeTime:43.736523,elementTouched:false,lastTouchBoxContentId:0,userId:1436995154720,trialActiveId:2,levelActiveId:0,trialNumber:1}
{coordScreen:{x:562,y:126},coordGame:{x:1.6875,y:1.1770831},experimentalObjectTouchId:2,elementTouchType:image,absolutTime:50.453426,relativeTime:50.453426,elementTouched:true,lastTouchBoxContentId:0,userId:1436995154720,trialActiveId:2,levelActiveId:0,trialNumber:1}
{coordScreen:{x:412,y:162},coordGame:{x:0.12499989,y:0.80208325},experimentalObjectTouchId:1,elementTouchType:image,absolutTime:56.536827,relativeTime:56.536827,elementTouched:true,lastTouchBoxContentId:0,userId:1436995154720,trialActiveId:3,levelActiveId:0,trialNumber:2}
{coordScreen:{x:623,y:340},coordGame:{x:2.3229167,y:-1.0520833},experimentalObjectTouchId:4,elementTouchType:image,absolutTime:62.60121,relativeTime:62.60121,elementTouched:true,lastTouchBoxContentId:0,userId:1436995154720,trialActiveId:4,levelActiveId:0,trialNumber:3}
{coordScreen:{x:398,y:259},coordGame:{x:-0.020833315,y:-0.20833327},experimentalObjectTouchId:1,elementTouchType:image,absolutTime:69.46013,relativeTime:69.46013,elementTouched:true,lastTouchBoxContentId:0,userId:1436995154720,trialActiveId:5,levelActiveId:0,trialNumber:4}
